  channel.cpp
  default.cpp
  iso.cpp
  licence.cpp
  logger.cpp
  mutator.cpp
  RD_RDP_Fuzzer.cpp
  mcs.cpp
  rdp.cpp
  rdp_tcp.cpp
  secure.cpp
  ssl.cpp
  wellrandom.cpp
     C:\Users\Tribal\Documents\Visual Studio 2015\Projects\RD_Fuzzer\Release\RD_RDP_Fuzzer.lib 라이브러리 및 C:\Users\Tribal\Documents\Visual Studio 2015\Projects\RD_Fuzzer\Release\RD_RDP_Fuzzer.exp 개체를 생성하고 있습니다.
  코드를 생성하고 있습니다.
  240 of 1362 functions (17.6%) were compiled, the rest were copied from previous compilation.
    15 functions were new in current compilation
    148 functions had inline decision re-evaluated but remain unchanged
  코드를 생성했습니다.
  RD_RDP_Fuzzer.vcxproj -> C:\Users\Tribal\Documents\Visual Studio 2015\Projects\RD_Fuzzer\Release\RD_RDP_Fuzzer.dll
  RD_RDP_Fuzzer.vcxproj -> C:\Users\Tribal\Documents\Visual Studio 2015\Projects\RD_Fuzzer\Release\RD_RDP_Fuzzer.pdb (Full PDB)
