c:\users\tribal\documents\visual studio 2015\projects\rd_fuzzer\rd_rdp_fuzzer\release\vc140.pdb
c:\users\tribal\documents\visual studio 2015\projects\rd_fuzzer\rd_rdp_fuzzer\release\ssl.obj
c:\users\tribal\documents\visual studio 2015\projects\rd_fuzzer\rd_rdp_fuzzer\release\secure.obj
c:\users\tribal\documents\visual studio 2015\projects\rd_fuzzer\rd_rdp_fuzzer\release\rdp_tcp.obj
c:\users\tribal\documents\visual studio 2015\projects\rd_fuzzer\rd_rdp_fuzzer\release\rdp.obj
c:\users\tribal\documents\visual studio 2015\projects\rd_fuzzer\rd_rdp_fuzzer\release\mcs.obj
c:\users\tribal\documents\visual studio 2015\projects\rd_fuzzer\rd_rdp_fuzzer\release\main.obj
c:\users\tribal\documents\visual studio 2015\projects\rd_fuzzer\rd_rdp_fuzzer\release\licence.obj
c:\users\tribal\documents\visual studio 2015\projects\rd_fuzzer\rd_rdp_fuzzer\release\iso.obj
c:\users\tribal\documents\visual studio 2015\projects\rd_fuzzer\rd_rdp_fuzzer\release\default.obj
c:\users\tribal\documents\visual studio 2015\projects\rd_fuzzer\rd_rdp_fuzzer\release\channel.obj
c:\users\tribal\documents\visual studio 2015\projects\rd_fuzzer\rd_rdp_fuzzer\release\rd_rdp_fuzzer.obj
c:\users\tribal\documents\visual studio 2015\projects\rd_fuzzer\rd_rdp_fuzzer\release\mutator.obj
c:\users\tribal\documents\visual studio 2015\projects\rd_fuzzer\release\rd_rdp_fuzzer.dll
c:\users\tribal\documents\visual studio 2015\projects\rd_fuzzer\release\rd_rdp_fuzzer.ipdb
c:\users\tribal\documents\visual studio 2015\projects\rd_fuzzer\release\rd_rdp_fuzzer.iobj
c:\users\tribal\documents\visual studio 2015\projects\rd_fuzzer\release\rd_rdp_fuzzer.pdb
c:\users\tribal\documents\visual studio 2015\projects\rd_fuzzer\rd_rdp_fuzzer\release\vcpkg.applocal.log
c:\users\tribal\documents\visual studio 2015\projects\rd_fuzzer\release\rd_rdp_fuzzer.lib
c:\users\tribal\documents\visual studio 2015\projects\rd_fuzzer\release\rd_rdp_fuzzer.exp
c:\users\tribal\documents\visual studio 2015\projects\rd_fuzzer\release\libeay32.dll
c:\users\tribal\documents\visual studio 2015\projects\rd_fuzzer\rd_rdp_fuzzer\release\rd_rdp_fuzzer.tlog\cl.command.1.tlog
c:\users\tribal\documents\visual studio 2015\projects\rd_fuzzer\rd_rdp_fuzzer\release\rd_rdp_fuzzer.tlog\cl.read.1.tlog
c:\users\tribal\documents\visual studio 2015\projects\rd_fuzzer\rd_rdp_fuzzer\release\rd_rdp_fuzzer.tlog\cl.write.1.tlog
c:\users\tribal\documents\visual studio 2015\projects\rd_fuzzer\rd_rdp_fuzzer\release\rd_rdp_fuzzer.tlog\link.command.1.tlog
c:\users\tribal\documents\visual studio 2015\projects\rd_fuzzer\rd_rdp_fuzzer\release\rd_rdp_fuzzer.tlog\link.read.1.tlog
c:\users\tribal\documents\visual studio 2015\projects\rd_fuzzer\rd_rdp_fuzzer\release\rd_rdp_fuzzer.tlog\link.write.1.tlog
c:\users\tribal\documents\visual studio 2015\projects\rd_fuzzer\rd_rdp_fuzzer\release\rd_rdp_fuzzer.tlog\rd_rdp_fuzzer.write.1u.tlog
